[0m10:53:59.641229 [debug] [MainThread]: Sending event: {'category': 'dbt', 'action': 'invocation', 'label': 'start', 'context': [<snowplow_tracker.self_describing_json.SelfDescribingJson object at 0x0000029B6A3A08B0>, <snowplow_tracker.self_describing_json.SelfDescribingJson object at 0x0000029B6CD36AA0>, <snowplow_tracker.self_describing_json.SelfDescribingJson object at 0x0000029B6CD368C0>]}


============================== 10:53:59.652228 | a439ba87-f303-43b1-9781-cb7da1e8fc1d ==============================
[0m10:53:59.652228 [info ] [MainThread]: Running with dbt=1.8.7
[0m10:53:59.655228 [debug] [MainThread]: running dbt with arguments {'printer_width': '80', 'indirect_selection': 'eager', 'log_cache_events': 'False', 'write_json': 'True', 'partial_parse': 'True', 'cache_selected_only': 'False', 'warn_error': 'None', 'debug': 'False', 'profiles_dir': 'C:\\Users\\user\\.dbt', 'log_path': 'logs', 'version_check': 'True', 'fail_fast': 'False', 'use_colors': 'True', 'use_experimental_parser': 'False', 'no_print': 'None', 'quiet': 'False', 'empty': 'None', 'log_format': 'default', 'invocation_command': 'dbt init big_models', 'warn_error_options': 'WarnErrorOptions(include=[], exclude=[])', 'static_parser': 'True', 'target_path': 'None', 'introspect': 'True', 'send_anonymous_usage_stats': 'True'}
[0m10:53:59.713227 [debug] [MainThread]: Starter project path: C:\aka\gits\big_data_models\.venv\lib\site-packages\dbt\include\starter_project
[0m10:53:59.813229 [info ] [MainThread]: 
Your new dbt project "big_models" was created!

For more information on how to configure the profiles.yml file,
please consult the dbt documentation here:

  https://docs.getdbt.com/docs/configure-your-profile

One more thing:

Need help? Don't hesitate to reach out to us via GitHub issues or on Slack:

  https://community.getdbt.com/

Happy modeling!

[0m10:53:59.817227 [info ] [MainThread]: Setting up your profile.
[0m10:56:08.287810 [info ] [MainThread]: Profile big_models written to C:\Users\user\.dbt\profiles.yml using target's profile_template.yml and your supplied values. Run 'dbt debug' to validate the connection.
[0m10:56:08.293806 [debug] [MainThread]: Command `dbt init` succeeded at 10:56:08.292807 after 128.92 seconds
[0m10:56:08.294806 [debug] [MainThread]: Sending event: {'category': 'dbt', 'action': 'invocation', 'label': 'end', 'context': [<snowplow_tracker.self_describing_json.SelfDescribingJson object at 0x0000029B6A3A08B0>, <snowplow_tracker.self_describing_json.SelfDescribingJson object at 0x0000029B6CB49E40>, <snowplow_tracker.self_describing_json.SelfDescribingJson object at 0x0000029B6CCAF2E0>]}
[0m10:56:08.295806 [debug] [MainThread]: Flushing usage events
[0m10:59:26.145665 [debug] [MainThread]: Sending event: {'category': 'dbt', 'action': 'invocation', 'label': 'start', 'context': [<snowplow_tracker.self_describing_json.SelfDescribingJson object at 0x000001E5FD4AC850>, <snowplow_tracker.self_describing_json.SelfDescribingJson object at 0x000001E5FFE46A70>, <snowplow_tracker.self_describing_json.SelfDescribingJson object at 0x000001E5FFE46890>]}


============================== 10:59:26.161663 | a606cf43-9319-4b99-93f6-e4fd311915c4 ==============================
[0m10:59:26.161663 [info ] [MainThread]: Running with dbt=1.8.7
[0m10:59:26.164665 [debug] [MainThread]: running dbt with arguments {'printer_width': '80', 'indirect_selection': 'eager', 'log_cache_events': 'False', 'write_json': 'True', 'partial_parse': 'True', 'cache_selected_only': 'False', 'profiles_dir': 'C:\\Users\\user\\.dbt', 'debug': 'False', 'fail_fast': 'False', 'log_path': 'logs', 'warn_error': 'None', 'version_check': 'True', 'use_colors': 'True', 'use_experimental_parser': 'False', 'empty': 'None', 'quiet': 'False', 'no_print': 'None', 'warn_error_options': 'WarnErrorOptions(include=[], exclude=[])', 'introspect': 'True', 'invocation_command': 'dbt debug', 'static_parser': 'True', 'target_path': 'None', 'log_format': 'default', 'send_anonymous_usage_stats': 'True'}
[0m10:59:26.219317 [info ] [MainThread]: dbt version: 1.8.7
[0m10:59:26.221316 [info ] [MainThread]: python version: 3.10.11
[0m10:59:26.223313 [info ] [MainThread]: python path: C:\aka\gits\big_data_models\.venv\Scripts\python.exe
[0m10:59:26.224311 [info ] [MainThread]: os info: Windows-10-10.0.19045-SP0
[0m10:59:26.244322 [info ] [MainThread]: Error importing adapter: No module named 'dbt.adapters.clickhouse'
[0m10:59:26.250310 [info ] [MainThread]: Error importing adapter: No module named 'dbt.adapters.clickhouse'
[0m10:59:26.419503 [info ] [MainThread]: Error importing adapter: No module named 'dbt.adapters.snowflake'
[0m10:59:26.447508 [info ] [MainThread]: Error importing adapter: No module named 'dbt.adapters.snowflake'
[0m10:59:26.472221 [info ] [MainThread]: Error importing adapter: No module named 'dbt.adapters.snowflake'
[0m10:59:26.474221 [info ] [MainThread]: Using profiles dir at C:\Users\user\.dbt
[0m10:59:26.476226 [info ] [MainThread]: Using profiles.yml file at C:\Users\user\.dbt\profiles.yml
[0m10:59:26.478228 [info ] [MainThread]: Using dbt_project.yml file at C:\aka\gits\big_data_models\dbt_project.yml
[0m10:59:26.482237 [info ] [MainThread]: Configuration:
[0m10:59:26.485225 [info ] [MainThread]:   profiles.yml file [[31mERROR invalid[0m]
[0m10:59:26.487230 [info ] [MainThread]:   dbt_project.yml file [[31mERROR not found[0m]
[0m10:59:26.489225 [info ] [MainThread]: Required dependencies:
[0m10:59:26.491225 [debug] [MainThread]: Executing "git --help"
[0m10:59:26.744415 [debug] [MainThread]: STDOUT: "b"usage: git [-v | --version] [-h | --help] [-C <path>] [-c <name>=<value>]\n           [--exec-path[=<path>]] [--html-path] [--man-path] [--info-path]\n           [-p | --paginate | -P | --no-pager] [--no-replace-objects] [--bare]\n           [--git-dir=<path>] [--work-tree=<path>] [--namespace=<name>]\n           [--config-env=<name>=<envvar>] <command> [<args>]\n\nThese are common Git commands used in various situations:\n\nstart a working area (see also: git help tutorial)\n   clone     Clone a repository into a new directory\n   init      Create an empty Git repository or reinitialize an existing one\n\nwork on the current change (see also: git help everyday)\n   add       Add file contents to the index\n   mv        Move or rename a file, a directory, or a symlink\n   restore   Restore working tree files\n   rm        Remove files from the working tree and from the index\n\nexamine the history and state (see also: git help revisions)\n   bisect    Use binary search to find the commit that introduced a bug\n   diff      Show changes between commits, commit and working tree, etc\n   grep      Print lines matching a pattern\n   log       Show commit logs\n   show      Show various types of objects\n   status    Show the working tree status\n\ngrow, mark and tweak your common history\n   branch    List, create, or delete branches\n   commit    Record changes to the repository\n   merge     Join two or more development histories together\n   rebase    Reapply commits on top of another base tip\n   reset     Reset current HEAD to the specified state\n   switch    Switch branches\n   tag       Create, list, delete or verify a tag object signed with GPG\n\ncollaborate (see also: git help workflows)\n   fetch     Download objects and refs from another repository\n   pull      Fetch from and integrate with another repository or a local branch\n   push      Update remote refs along with associated objects\n\n'git help -a' and 'git help -g' list available subcommands and some\nconcept guides. See 'git help <command>' or 'git help <concept>'\nto read about a specific subcommand or concept.\nSee 'git help git' for an overview of the system.\n""
[0m10:59:26.747422 [debug] [MainThread]: STDERR: "b''"
[0m10:59:26.749422 [info ] [MainThread]:  - git [[32mOK found[0m]

[0m10:59:26.751417 [info ] [MainThread]: Connection test skipped since no profile was found
[0m10:59:26.754415 [info ] [MainThread]: [31m2 checks failed:[0m
[0m10:59:26.755413 [info ] [MainThread]: Could not load dbt_project.yml
Profile loading failed for the following reason:
Runtime Error
  Credentials in profile "ActivitySchema", target "dev" invalid: Runtime Error
    Could not find adapter type clickhouse!

Runtime Error
  Credentials in profile "Cricket", target "dev" invalid: Runtime Error
    Could not find adapter type clickhouse!

Runtime Error
  Credentials in profile "bpthel", target "dev" invalid: Runtime Error
    Could not find adapter type snowflake!

Runtime Error
  
  dbt encountered an error while trying to read your profiles.yml file.
  
  Profile drop_ship_project in profiles.yml is empty
  

Runtime Error
  outputs not specified in profile 'outputs'

Runtime Error
  Credentials in profile "rehydrate", target "dev" invalid: Runtime Error
    Could not find adapter type snowflake!

Runtime Error
  Credentials in profile "usagedata", target "dev" invalid: Runtime Error
    Could not find adapter type snowflake!


[0m10:59:26.763418 [info ] [MainThread]: Project loading failed for the following reason:
 project path <C:\aka\gits\big_data_models\dbt_project.yml> not found

[0m10:59:26.770418 [debug] [MainThread]: Command `dbt debug` failed at 10:59:26.769416 after 0.78 seconds
[0m10:59:26.771415 [debug] [MainThread]: Sending event: {'category': 'dbt', 'action': 'invocation', 'label': 'end', 'context': [<snowplow_tracker.self_describing_json.SelfDescribingJson object at 0x000001E5FD4AC850>, <snowplow_tracker.self_describing_json.SelfDescribingJson object at 0x000001E5FFE52BF0>, <snowplow_tracker.self_describing_json.SelfDescribingJson object at 0x000001E5FFDBEBF0>]}
[0m10:59:26.773414 [debug] [MainThread]: Flushing usage events
